2014-05-13 14:51:24,208 INFO RPC interface 'supervisor' initialized
2014-05-13 14:51:24,209 INFO supervisord started with pid 51150
2014-05-13 14:51:25,213 INFO spawned: 'autoreload' with pid 51153
2014-05-13 14:51:25,217 INFO spawned: 'video_capturing' with pid 51154
2014-05-13 14:51:25,607 DEBG 'video_capturing' stdout output:
Traceback (most recent call last):
  File "/Users/telminov/github/car_pc/project/manage.py", line 10, in <module>
    execute_from_command_line(sys.argv)
  File "/Users/telminov/github/car_pc/virt_env/lib/python2.7/site-packages/django/core/management/__init__.py", line 399, in execute_from_command_line

2014-05-13 14:51:25,607 DEBG 'video_capturing' stdout output:
    utility.execute()
  File "/Users/telminov/github/car_pc/virt_env/lib/python2.7/site-packages/django/core/management/__init__.py", line 392, in execute
    self.fetch_command(subcommand).run_from_argv(self.argv)

2014-05-13 14:51:25,607 DEBG 'video_capturing' stdout output:
  File "/Users/telminov/github/car_pc/virt_env/lib/python2.7/site-packages/django/core/management/base.py", line 242, in run_from_argv

2014-05-13 14:51:25,608 DEBG 'video_capturing' stdout output:
    self.execute(*args, **options.__dict__)
  File "/Users/telminov/github/car_pc/virt_env/lib/python2.7/site-packages/django/core/management/base.py", line 285, in execute

2014-05-13 14:51:25,608 DEBG 'video_capturing' stdout output:
    output = self.handle(*args, **options)
  File "/Users/telminov/github/car_pc/project/core/management/commands/video_capturing.py", line 20, in handle
    if self._is_started():
  File "/Users/telminov/github/car_pc/project/core/management/commands/video_capturing.py", line 50, in _is_started

2014-05-13 14:51:25,608 DEBG 'video_capturing' stdout output:
    return models.Status.GetValue(name=models.Status.VIDEO_STARTED) == '1'
  File "/Users/telminov/github/car_pc/project/core/models.py", line 16, in GetValue
    instance, created = cls.objects.get_or_create(name=name, defaults={'value': default})
  File "/Users/telminov/github/car_pc/virt_env/lib/python2.7/site-packages/django/db/models/manager.py", line 154, in get_or_create

2014-05-13 14:51:25,609 DEBG 'video_capturing' stdout output:
    return self.get_queryset().get_or_create(**kwargs)
  File "/Users/telminov/github/car_pc/virt_env/lib/python2.7/site-packages/django/db/models/query.py", line 373, in get_or_create

2014-05-13 14:51:25,609 DEBG 'video_capturing' stdout output:
    return self.get(**lookup), False
  File "/Users/telminov/github/car_pc/virt_env/lib/python2.7/site-packages/django/db/models/query.py", line 301, in get

2014-05-13 14:51:25,609 DEBG 'video_capturing' stdout output:
    num = len(clone)
  File "/Users/telminov/github/car_pc/virt_env/lib/python2.7/site-packages/django/db/models/query.py", line 77, in __len__
    self._fetch_all()
  File "/Users/telminov/github/car_pc/virt_env/lib/python2.7/site-packages/django/db/models/query.py", line 854, in _fetch_all

2014-05-13 14:51:25,609 DEBG 'video_capturing' stdout output:
    self._result_cache = list(self.iterator())
  File "/Users/telminov/github/car_pc/virt_env/lib/python2.7/site-packages/django/db/models/query.py", line 220, in iterator
    for row in compiler.results_iter():
  File "/Users/telminov/github/car_pc/virt_env/lib/python2.7/site-packages/django/db/models/sql/compiler.py", line 713, in results_iter

2014-05-13 14:51:25,610 DEBG 'video_capturing' stdout output:
    for rows in self.execute_sql(MULTI):

2014-05-13 14:51:25,610 DEBG 'video_capturing' stdout output:
  File "/Users/telminov/github/car_pc/virt_env/lib/python2.7/site-packages/django/db/models/sql/compiler.py", line 786, in execute_sql

2014-05-13 14:51:25,611 DEBG 'video_capturing' stdout output:
    cursor.execute(sql, params)
  File "/Users/telminov/github/car_pc/virt_env/lib/python2.7/site-packages/django/db/backends/util.py", line 69, in execute

2014-05-13 14:51:25,611 DEBG 'video_capturing' stdout output:
    return super(CursorDebugWrapper, self).execute(sql, params)
  File "/Users/telminov/github/car_pc/virt_env/lib/python2.7/site-packages/django/db/backends/util.py", line 53, in execute
    return self.cursor.execute(sql, params)
  File "/Users/telminov/github/car_pc/virt_env/lib/python2.7/site-packages/django/db/utils.py", line 99, in __exit__
    six.reraise(dj_exc_type, dj_exc_value, traceback)
  File "/Users/telminov/github/car_pc/virt_env/lib/python2.7/site-packages/django/db/backends/util.py", line 53, in execute
    return self.cursor.execute(sql, params)
  File "/Users/telminov/github/car_pc/virt_env/lib/python2.7/site-packages/django/db/backends/sqlite3/base.py", line 451, in execute

2014-05-13 14:51:25,612 DEBG 'video_capturing' stdout output:
    return Database.Cursor.execute(self, query, params)

2014-05-13 14:51:25,612 DEBG 'video_capturing' stdout output:
django.db.utils.OperationalError: no such table: core_status

2014-05-13 14:51:25,635 DEBG fd 11 closed, stopped monitoring <POutputDispatcher at 4481503816 for <Subprocess at 4481195904 with name video_capturing in state STARTING> (stdout)>
2014-05-13 14:51:25,636 INFO exited: video_capturing (exit status 1; not expected)
2014-05-13 14:51:25,636 DEBG received SIGCHLD indicating a child quit
2014-05-13 14:51:26,637 INFO success: autoreload entered RUNNING state, process has stayed up for > than 1 seconds (startsecs)
2014-05-13 14:51:26,641 INFO spawned: 'video_capturing' with pid 51157
2014-05-13 14:51:26,972 DEBG 'video_capturing' stdout output:
Traceback (most recent call last):
  File "/Users/telminov/github/car_pc/project/manage.py", line 10, in <module>
    execute_from_command_line(sys.argv)
  File "/Users/telminov/github/car_pc/virt_env/lib/python2.7/site-packages/django/core/management/__init__.py", line 399, in execute_from_command_line
    utility.execute()
  File "/Users/telminov/github/car_pc/virt_env/lib/python2.7/site-packages/django/core/management/__init__.py", line 392, in execute
    
2014-05-13 14:51:26,973 DEBG 'video_capturing' stdout output:
self.fetch_command(subcommand).run_from_argv(self.argv)
  File "/Users/telminov/github/car_pc/virt_env/lib/python2.7/site-packages/django/core/management/base.py", line 242, in run_from_argv
    self.execute(*args, **options.__dict__)
  File "/Users/telminov/github/car_pc/virt_env/lib/python2.7/site-packages/django/core/management/base.py", line 285, in execute
    output = self.handle(*args, **options)
  File "/Users/telminov/github/car_pc/project/core/management/commands/video_capturing.py", line 20, in handle
    if self._is_started():
  File "/Users/telminov/github/car_pc/project/core/management/commands/video_capturing.py", line 50, in _is_started
    return models.Status.GetValue(name=models.Status.VIDEO_STARTED) == '1'
  File "/Users/telminov/github/car_pc/project/core/models.py", line 16, in GetValue
    instance, created = cls.objects.get_or_create(name=name, defaults={'value': default})
  File "/Users/telminov/github/car_pc/virt_env/lib/python2.7/site-packages/django/db/models/manager.py", line 154, in get_or_create
    return self.get_queryset().get_or_create(**kwargs)
  File "/Users/telminov/github/car_pc/virt_env/lib/python2.7/site-packages/django/db/models/query.py", line 373, in get_or_create
    return self.get(**lookup), False
  File "/Users/telminov/github/car_pc/virt_env/lib/python2.7/site-packages/django/db/models/query.py", line 301, in get
    num = len(clone)
  File "/Users/telminov/github/car_pc/virt_env/lib/python2.7/site-packages/django/db/models/query.py", line 77, in __len__
    self._fetch_all()
  File "/Users/telminov/github/car_pc/virt_env/lib/python2.7/site-packages/django/db/models/query.py", line 854, in _fetch_all
    self._result_cache = list(self.iterator())
  File "/Users/telminov/github/car_pc/virt_env/lib/python2.7/site-packages/django/db/models/query.py", line 220, in iterator

2014-05-13 14:51:26,973 DEBG 'video_capturing' stdout output:
    for row in compiler.results_iter():
  File "/Users/telminov/github/car_pc/virt_env/lib/python2.7/site-packages/django/db/models/sql/compiler.py", line 713, in results_iter
    for rows in self.execute_sql(MULTI):
  File "/Users/telminov/github/car_pc/virt_env/lib/python2.7/site-packages/django/db/models/sql/compiler.py", line 786, in execute_sql

2014-05-13 14:51:26,974 DEBG 'video_capturing' stdout output:
    cursor.execute(sql, params)
  File "/Users/telminov/github/car_pc/virt_env/lib/python2.7/site-packages/django/db/backends/util.py", line 69, in execute

2014-05-13 14:51:26,974 DEBG 'video_capturing' stdout output:
    return super(CursorDebugWrapper, self).execute(sql, params)
  File "/Users/telminov/github/car_pc/virt_env/lib/python2.7/site-packages/django/db/backends/util.py", line 53, in execute
    return self.cursor.execute(sql, params)
  File "/Users/telminov/github/car_pc/virt_env/lib/python2.7/site-packages/django/db/utils.py", line 99, in __exit__
    six.reraise(dj_exc_type, dj_exc_value, traceback)
  File "/Users/telminov/github/car_pc/virt_env/lib/python2.7/site-packages/django/db/backends/util.py", line 53, in execute
    return self.cursor.execute(sql, params)
  File "/Users/telminov/github/car_pc/virt_env/lib/python2.7/site-packages/django/db/backends/sqlite3/base.py", line 451, in execute

2014-05-13 14:51:26,975 DEBG 'video_capturing' stdout output:
    return Database.Cursor.execute(self, query, params)
django.db.utils.OperationalError: no such table: core_status

2014-05-13 14:51:26,994 DEBG fd 11 closed, stopped monitoring <POutputDispatcher at 4481503816 for <Subprocess at 4481195904 with name video_capturing in state STARTING> (stdout)>
2014-05-13 14:51:26,994 INFO exited: video_capturing (exit status 1; not expected)
2014-05-13 14:51:26,994 DEBG received SIGCHLD indicating a child quit
2014-05-13 14:51:29,000 INFO spawned: 'video_capturing' with pid 51160
2014-05-13 14:51:29,353 DEBG 'video_capturing' stdout output:
Traceback (most recent call last):
  File "/Users/telminov/github/car_pc/project/manage.py", line 10, in <module>
    execute_from_command_line(sys.argv)
  File "/Users/telminov/github/car_pc/virt_env/lib/python2.7/site-packages/django/core/management/__init__.py", line 399, in execute_from_command_line
    utility.execute()
  File "/Users/telminov/github/car_pc/virt_env/lib/python2.7/site-packages/django/core/management/__init__.py", line 392, in execute
    self.fetch_command(subcommand).run_from_argv(self.argv)
  File "/Users/telminov/github/car_pc/virt_env/lib/python2.7/site-packages/django/core/management/base.py", line 242, in run_from_argv

2014-05-13 14:51:29,353 DEBG 'video_capturing' stdout output:
    self.execute(*args, **options.__dict__)
  File "/Users/telminov/github/car_pc/virt_env/lib/python2.7/site-packages/django/core/management/base.py", line 285, in execute
    output = self.handle(*args, **options)
  File "/Users/telminov/github/car_pc/project/core/management/commands/video_capturing.py", line 20, in handle
    if self._is_started():
  File "/Users/telminov/github/car_pc/project/core/management/commands/video_capturing.py", line 50, in _is_started
    return models.Status.GetValue(name=models.Status.VIDEO_STARTED) == '1'
  File "/Users/telminov/github/car_pc/project/core/models.py", line 16, in GetValue
    instance, created = cls.objects.get_or_create(name=name, defaults={'value': default})
  File "/Users/telminov/github/car_pc/virt_env/lib/python2.7/site-packages/django/db/models/manager.py", line 154, in get_or_create
    return self.get_queryset().get_or_create(**kwargs)
  File "/Users/telminov/github/car_pc/virt_env/lib/python2.7/site-packages/django/db/models/query.py", line 373, in get_or_create
    return self.get(**lookup), False
  File "/Users/telminov/github/car_pc/virt_env/lib/python2.7/site-packages/django/db/models/query.py", line 301, in get
    num = len(clone)
  File "/Users/telminov/github/car_pc/virt_env/lib/python2.7/site-packages/django/db/models/query.py", line 77, in __len__
    self._fetch_all()
  File "/Users/telminov/github/car_pc/virt_env/lib/python2.7/site-packages/django/db/models/query.py", line 854, in _fetch_all
    self._result_cache = list(self.iterator())
  File "/Users/telminov/github/car_pc/virt_env/lib/python2.7/site-packages/django/db/models/query.py", line 220, in iterator
    
2014-05-13 14:51:29,353 DEBG 'video_capturing' stdout output:
for row in compiler.results_iter():
  File "/Users/telminov/github/car_pc/virt_env/lib/python2.7/site-packages/django/db/models/sql/compiler.py", line 713, in results_iter
    for rows in self.execute_sql(MULTI):
  File "/Users/telminov/github/car_pc/virt_env/lib/python2.7/site-packages/django/db/models/sql/compiler.py", line 786, in execute_sql

2014-05-13 14:51:29,354 DEBG 'video_capturing' stdout output:
    cursor.execute(sql, params)
  File "/Users/telminov/github/car_pc/virt_env/lib/python2.7/site-packages/django/db/backends/util.py", line 69, in execute

2014-05-13 14:51:29,354 DEBG 'video_capturing' stdout output:
    return super(CursorDebugWrapper, self).execute(sql, params)
  File "/Users/telminov/github/car_pc/virt_env/lib/python2.7/site-packages/django/db/backends/util.py", line 53, in execute
    return self.cursor.execute(sql, params)
  File "/Users/telminov/github/car_pc/virt_env/lib/python2.7/site-packages/django/db/utils.py", line 99, in __exit__
    six.reraise(dj_exc_type, dj_exc_value, traceback)
  File "/Users/telminov/github/car_pc/virt_env/lib/python2.7/site-packages/django/db/backends/util.py", line 53, in execute
    return self.cursor.execute(sql, params)
  File "/Users/telminov/github/car_pc/virt_env/lib/python2.7/site-packages/django/db/backends/sqlite3/base.py", line 451, in execute

2014-05-13 14:51:29,354 DEBG 'video_capturing' stdout output:
    return Database.Cursor.execute(self, query, params)
django.db.utils.OperationalError: no such table: core_status

2014-05-13 14:51:29,371 DEBG fd 11 closed, stopped monitoring <POutputDispatcher at 4481503816 for <Subprocess at 4481195904 with name video_capturing in state STARTING> (stdout)>
2014-05-13 14:51:29,371 INFO exited: video_capturing (exit status 1; not expected)
2014-05-13 14:51:29,371 DEBG received SIGCHLD indicating a child quit
2014-05-13 14:51:32,378 INFO spawned: 'video_capturing' with pid 51163
2014-05-13 14:51:32,667 DEBG 'video_capturing' stdout output:
Traceback (most recent call last):
  File "/Users/telminov/github/car_pc/project/manage.py", line 10, in <module>
    execute_from_command_line(sys.argv)
  File "/Users/telminov/github/car_pc/virt_env/lib/python2.7/site-packages/django/core/management/__init__.py", line 399, in execute_from_command_line

2014-05-13 14:51:32,667 DEBG 'video_capturing' stdout output:
    utility.execute()
  File "/Users/telminov/github/car_pc/virt_env/lib/python2.7/site-packages/django/core/management/__init__.py", line 392, in execute
    self.fetch_command(subcommand).run_from_argv(self.argv)
  File "/Users/telminov/github/car_pc/virt_env/lib/python2.7/site-packages/django/core/management/base.py", line 242, in run_from_argv
    self.execute(*args, **options.__dict__)
  File "/Users/telminov/github/car_pc/virt_env/lib/python2.7/site-packages/django/core/management/base.py", line 285, in execute
    output = self.handle(*args, **options)
  File "/Users/telminov/github/car_pc/project/core/management/commands/video_capturing.py", line 20, in handle
    if self._is_started():
  File "/Users/telminov/github/car_pc/project/core/management/commands/video_capturing.py", line 50, in _is_started
    return models.Status.GetValue(name=models.Status.VIDEO_STARTED) == '1'
  File "/Users/telminov/github/car_pc/project/core/models.py", line 16, in GetValue
    instance, created = cls.objects.get_or_create(name=name, defaults={'value': default})
  File "/Users/telminov/github/car_pc/virt_env/lib/python2.7/site-packages/django/db/models/manager.py", line 154, in get_or_create
    return self.get_queryset().get_or_create(**kwargs)
  File "/Users/telminov/github/car_pc/virt_env/lib/python2.7/site-packages/django/db/models/query.py", line 373, in get_or_create
    return self.get(**lookup), False

2014-05-13 14:51:32,667 DEBG 'video_capturing' stdout output:
  File "/Users/telminov/github/car_pc/virt_env/lib/python2.7/site-packages/django/db/models/query.py", line 301, in get
    num = len(clone)
  File "/Users/telminov/github/car_pc/virt_env/lib/python2.7/site-packages/django/db/models/query.py", line 77, in __len__
    self._fetch_all()
  File "/Users/telminov/github/car_pc/virt_env/lib/python2.7/site-packages/django/db/models/query.py", line 854, in _fetch_all

2014-05-13 14:51:32,668 DEBG 'video_capturing' stdout output:
    self._result_cache = list(self.iterator())
  File "/Users/telminov/github/car_pc/virt_env/lib/python2.7/site-packages/django/db/models/query.py", line 220, in iterator
    for row in compiler.results_iter():
  File "/Users/telminov/github/car_pc/virt_env/lib/python2.7/site-packages/django/db/models/sql/compiler.py", line 713, in results_iter

2014-05-13 14:51:32,668 DEBG 'video_capturing' stdout output:
    for rows in self.execute_sql(MULTI):
  File "/Users/telminov/github/car_pc/virt_env/lib/python2.7/site-packages/django/db/models/sql/compiler.py", line 786, in execute_sql

2014-05-13 14:51:32,668 DEBG 'video_capturing' stdout output:
    cursor.execute(sql, params)
  File "/Users/telminov/github/car_pc/virt_env/lib/python2.7/site-packages/django/db/backends/util.py", line 69, in execute
    return super(CursorDebugWrapper, self).execute(sql, params)
  File "/Users/telminov/github/car_pc/virt_env/lib/python2.7/site-packages/django/db/backends/util.py", line 53, in execute
    return self.cursor.execute(sql, params)

2014-05-13 14:51:32,668 DEBG 'video_capturing' stdout output:
  File "/Users/telminov/github/car_pc/virt_env/lib/python2.7/site-packages/django/db/utils.py", line 99, in __exit__
    six.reraise(dj_exc_type, dj_exc_value, traceback)
  File "/Users/telminov/github/car_pc/virt_env/lib/python2.7/site-packages/django/db/backends/util.py", line 53, in execute
    return self.cursor.execute(sql, params)
  File "/Users/telminov/github/car_pc/virt_env/lib/python2.7/site-packages/django/db/backends/sqlite3/base.py", line 451, in execute
    return Database.Cursor.execute(self, query, params)
django.db.utils.OperationalError: no such table: core_status

2014-05-13 14:51:32,689 DEBG fd 11 closed, stopped monitoring <POutputDispatcher at 4481503816 for <Subprocess at 4481195904 with name video_capturing in state STARTING> (stdout)>
2014-05-13 14:51:32,690 INFO exited: video_capturing (exit status 1; not expected)
2014-05-13 14:51:32,690 DEBG received SIGCHLD indicating a child quit
2014-05-13 14:51:33,691 INFO gave up: video_capturing entered FATAL state, too many start retries too quickly
2014-05-13 14:54:32,020 WARN received SIGINT indicating exit request
2014-05-13 14:54:32,020 INFO waiting for autoreload to die
2014-05-13 14:54:33,022 DEBG killing autoreload (pid 51153) with signal SIGTERM
2014-05-13 14:54:33,028 DEBG fd 8 closed, stopped monitoring <POutputDispatcher at 4481474504 for <Subprocess at 4481195688 with name autoreload in state STOPPING> (stdout)>
2014-05-13 14:54:33,028 INFO stopped: autoreload (terminated by SIGTERM)
2014-05-13 14:54:33,029 DEBG received SIGCHLD indicating a child quit
